<?xml version="1.0" encoding="UTF-8"?>
<!-- Generated by org.testng.reporters.JUnitReportReporter -->
<testsuite hostname="DESKTOP-5C2QEP9" failures="0" tests="1" name="com.test.practice.RegressionSuiteRunner" time="1.136" errors="0" timestamp="2023-03-31T20:21:24 IST" skipped="0">
  <testcase classname="com.test.practice.RegressionSuiteRunner" name="runScenario" time="1.136"/>
</testsuite> <!-- com.test.practice.RegressionSuiteRunner -->
