<?xml version="1.0" encoding="UTF-8"?>
<!-- Generated by org.testng.reporters.JUnitReportReporter -->
<testsuite hostname="DESKTOP-5C2QEP9" failures="0" tests="2" name="com.test.practice.APISuiteRunner" time="7.729" errors="0" timestamp="2023-05-07T13:48:14 IST" skipped="0">
  <testcase classname="com.test.practice.APISuiteRunner" name="runScenario" time="6.263"/>
  <testcase classname="com.test.practice.APISuiteRunner" name="runScenario" time="1.466"/>
</testsuite> <!-- com.test.practice.APISuiteRunner -->
