<?xml version="1.0" encoding="UTF-8"?>
<!-- Generated by org.testng.reporters.JUnitReportReporter -->
<testsuite hostname="DESKTOP-5C2QEP9" failures="0" tests="1" name="com.test.practice.encapsulation.Pagination" time="39.820" errors="0" timestamp="2023-03-23T16:34:08 IST" skipped="0">
  <testcase classname="com.test.practice.encapsulation.Pagination" name="validatePage" time="39.820"/>
</testsuite> <!-- com.test.practice.encapsulation.Pagination -->
